2018-10-25T22:58:07+00:00 CRITICAL Object of class stdClass could not be converted to string in /home6/boostsho/public_html/wp/wp-content/plugins/insert-php/includes/shortcodes.php(66) : eval()'d code on line 3

2018-10-25T23:09:23+00:00 CRITICAL Object of class stdClass could not be converted to string in /home6/boostsho/public_html/wp/wp-content/plugins/insert-php/includes/shortcodes.php(66) : eval()'d code on line 7

2018-10-25T23:10:12+00:00 CRITICAL Uncaught Error: Cannot use object of type stdClass as array in /home6/boostsho/public_html/wp/wp-content/plugins/insert-php/includes/shortcodes.php(66) : eval()'d code:7
Stack trace:
#0 /home6/boostsho/public_html/wp/wp-content/plugins/insert-php/includes/shortcodes.php(66): eval()
#1 /home6/boostsho/public_html/wp/wp-content/plugins/insert-php/libs/factory/shortcodes/shortcode.class.php(287): WINP_SnippetShortcode->html(Array, '')
#2 /home6/boostsho/public_html/wp/wp-content/plugins/insert-php/libs/factory/shortcodes/shortcodes.php(97): Wbcr_FactoryShortcodes324_Shortcode->render(Array, '')
#3 /home6/boostsho/public_html/wp/wp-includes/shortcodes.php(319): Wbcr_FactoryShortcodes324_ShortcodeManager->__call('shortcode_WINP_...', Array)
#4 [internal function]: do_shortcode_tag(Array)
#5 /home6/boostsho/public_html/wp/wp-includes/shortcodes.php(197): preg_replace_callback('/\\[(\\[?)(wbcr_p...', 'do_shortcode_ta...', '[wbcr_php_snipp...')
#6 /home6/boostsho/public_html/wp/wp-includes/class-wp-hook.php(286): do_ in /home6/boostsho/public_html/wp/wp-content/plugins/insert-php/includes/shortcodes.php(66) : eval()'d code on line 7

2018-10-25T23:10:50+00:00 CRITICAL Uncaught Error: Cannot use object of type stdClass as array in /home6/boostsho/public_html/wp/wp-content/plugins/insert-php/includes/shortcodes.php(66) : eval()'d code:7
Stack trace:
#0 /home6/boostsho/public_html/wp/wp-content/plugins/insert-php/includes/shortcodes.php(66): eval()
#1 /home6/boostsho/public_html/wp/wp-content/plugins/insert-php/libs/factory/shortcodes/shortcode.class.php(287): WINP_SnippetShortcode->html(Array, '')
#2 /home6/boostsho/public_html/wp/wp-content/plugins/insert-php/libs/factory/shortcodes/shortcodes.php(97): Wbcr_FactoryShortcodes324_Shortcode->render(Array, '')
#3 /home6/boostsho/public_html/wp/wp-includes/shortcodes.php(319): Wbcr_FactoryShortcodes324_ShortcodeManager->__call('shortcode_WINP_...', Array)
#4 [internal function]: do_shortcode_tag(Array)
#5 /home6/boostsho/public_html/wp/wp-includes/shortcodes.php(197): preg_replace_callback('/\\[(\\[?)(wbcr_p...', 'do_shortcode_ta...', '[wbcr_php_snipp...')
#6 /home6/boostsho/public_html/wp/wp-includes/class-wp-hook.php(286): do_ in /home6/boostsho/public_html/wp/wp-content/plugins/insert-php/includes/shortcodes.php(66) : eval()'d code on line 7

2018-10-25T23:10:54+00:00 CRITICAL Uncaught Error: Cannot use object of type stdClass as array in /home6/boostsho/public_html/wp/wp-content/plugins/insert-php/includes/shortcodes.php(66) : eval()'d code:7
Stack trace:
#0 /home6/boostsho/public_html/wp/wp-content/plugins/insert-php/includes/shortcodes.php(66): eval()
#1 /home6/boostsho/public_html/wp/wp-content/plugins/insert-php/libs/factory/shortcodes/shortcode.class.php(287): WINP_SnippetShortcode->html(Array, '')
#2 /home6/boostsho/public_html/wp/wp-content/plugins/insert-php/libs/factory/shortcodes/shortcodes.php(97): Wbcr_FactoryShortcodes324_Shortcode->render(Array, '')
#3 /home6/boostsho/public_html/wp/wp-includes/shortcodes.php(319): Wbcr_FactoryShortcodes324_ShortcodeManager->__call('shortcode_WINP_...', Array)
#4 [internal function]: do_shortcode_tag(Array)
#5 /home6/boostsho/public_html/wp/wp-includes/shortcodes.php(197): preg_replace_callback('/\\[(\\[?)(wbcr_p...', 'do_shortcode_ta...', '[wbcr_php_snipp...')
#6 /home6/boostsho/public_html/wp/wp-includes/class-wp-hook.php(286): do_ in /home6/boostsho/public_html/wp/wp-content/plugins/insert-php/includes/shortcodes.php(66) : eval()'d code on line 7

2018-10-25T23:11:06+00:00 CRITICAL Object of class stdClass could not be converted to string in /home6/boostsho/public_html/wp/wp-content/plugins/insert-php/includes/shortcodes.php(66) : eval()'d code on line 7

2018-10-25T23:11:36+00:00 CRITICAL syntax error, unexpected 'as' (T_AS), expecting ';' in /home6/boostsho/public_html/wp/wp-content/plugins/insert-php/includes/shortcodes.php(66) : eval()'d code on line 6

2018-10-25T23:12:47+00:00 CRITICAL syntax error, unexpected end of file in /home6/boostsho/public_html/wp/wp-content/plugins/insert-php/includes/shortcodes.php(66) : eval()'d code on line 9

2018-10-25T23:20:54+00:00 CRITICAL Uncaught Error: Cannot use object of type stdClass as array in /home6/boostsho/public_html/wp/wp-content/plugins/insert-php/includes/shortcodes.php(66) : eval()'d code:8
Stack trace:
#0 /home6/boostsho/public_html/wp/wp-content/plugins/insert-php/includes/shortcodes.php(66): eval()
#1 /home6/boostsho/public_html/wp/wp-content/plugins/insert-php/libs/factory/shortcodes/shortcode.class.php(287): WINP_SnippetShortcode->html(Array, '')
#2 /home6/boostsho/public_html/wp/wp-content/plugins/insert-php/libs/factory/shortcodes/shortcodes.php(97): Wbcr_FactoryShortcodes324_Shortcode->render(Array, '')
#3 /home6/boostsho/public_html/wp/wp-includes/shortcodes.php(319): Wbcr_FactoryShortcodes324_ShortcodeManager->__call('shortcode_WINP_...', Array)
#4 [internal function]: do_shortcode_tag(Array)
#5 /home6/boostsho/public_html/wp/wp-includes/shortcodes.php(197): preg_replace_callback('/\\[(\\[?)(wbcr_p...', 'do_shortcode_ta...', '[wbcr_php_snipp...')
#6 /home6/boostsho/public_html/wp/wp-includes/class-wp-hook.php(286): do_ in /home6/boostsho/public_html/wp/wp-content/plugins/insert-php/includes/shortcodes.php(66) : eval()'d code on line 8

2018-10-25T23:21:55+00:00 CRITICAL Object of class stdClass could not be converted to string in /home6/boostsho/public_html/wp/wp-content/plugins/insert-php/includes/shortcodes.php(66) : eval()'d code on line 9

2018-10-25T23:24:00+00:00 CRITICAL Uncaught Error: Call to undefined method wpdb::get() in /home6/boostsho/public_html/wp/wp-content/plugins/insert-php/includes/shortcodes.php(66) : eval()'d code:5
Stack trace:
#0 /home6/boostsho/public_html/wp/wp-content/plugins/insert-php/includes/shortcodes.php(66): eval()
#1 /home6/boostsho/public_html/wp/wp-content/plugins/insert-php/libs/factory/shortcodes/shortcode.class.php(287): WINP_SnippetShortcode->html(Array, '')
#2 /home6/boostsho/public_html/wp/wp-content/plugins/insert-php/libs/factory/shortcodes/shortcodes.php(97): Wbcr_FactoryShortcodes324_Shortcode->render(Array, '')
#3 /home6/boostsho/public_html/wp/wp-includes/shortcodes.php(319): Wbcr_FactoryShortcodes324_ShortcodeManager->__call('shortcode_WINP_...', Array)
#4 [internal function]: do_shortcode_tag(Array)
#5 /home6/boostsho/public_html/wp/wp-includes/shortcodes.php(197): preg_replace_callback('/\\[(\\[?)(wbcr_p...', 'do_shortcode_ta...', '[wbcr_php_snipp...')
#6 /home6/boostsho/public_html/wp/wp-includes/class-wp-hook.php(286): do_shortco in /home6/boostsho/public_html/wp/wp-content/plugins/insert-php/includes/shortcodes.php(66) : eval()'d code on line 5

